<?xml version="1.0" encoding="UTF-8"?>
<!-- Generated by org.testng.reporters.JUnitReportReporter -->
<testsuite hostname="DESKTOP-93R9A69" failures="0" tests="3" name="RegisterTestSuite.TC_REGISTER_06" time="13.756" errors="0" timestamp="2021-06-10T09:59:11 IST" skipped="0">
  <testcase classname="RegisterTestSuite.TC_REGISTER_06" name="browserSetup" time="10.100"/>
  <system-out/>
  <testcase classname="RegisterTestSuite.TC_REGISTER_06" name="openRegisterUrl" time="3.469"/>
  <system-out/>
  <testcase classname="RegisterTestSuite.TC_REGISTER_06" name="clickPrivacyStatement" time="0.187"/>
  <system-out/>
</testsuite> <!-- RegisterTestSuite.TC_REGISTER_06 -->
