<?xml version="1.0" encoding="UTF-8"?>
<!-- Generated by org.testng.reporters.JUnitReportReporter -->
<testsuite hostname="DESKTOP-93R9A69" failures="0" tests="7" name="RegisterTestSuite.TC_REGISTER_03" time="17.425" errors="0" timestamp="2021-06-09T23:02:03 IST" skipped="0">
  <testcase classname="RegisterTestSuite.TC_REGISTER_03" name="browserSetup" time="10.116"/>
  <system-out/>
  <testcase classname="RegisterTestSuite.TC_REGISTER_03" name="openRegisterUrl" time="5.855"/>
  <system-out/>
  <testcase classname="RegisterTestSuite.TC_REGISTER_03" name="enterValidEmailAddress" time="0.097"/>
  <system-out/>
  <testcase classname="RegisterTestSuite.TC_REGISTER_03" name="clickContinueButton" time="0.255"/>
  <system-out/>
  <testcase classname="RegisterTestSuite.TC_REGISTER_03" name="enterInvalidPassword" time="0.802"/>
  <system-out/>
  <testcase classname="RegisterTestSuite.TC_REGISTER_03" name="confirmSamePassword" time="0.052"/>
  <system-out/>
  <testcase classname="RegisterTestSuite.TC_REGISTER_03" name="clickCreateAccountButton" time="0.248"/>
  <system-out/>
</testsuite> <!-- RegisterTestSuite.TC_REGISTER_03 -->
