<?xml version="1.0" encoding="UTF-8"?>
<!-- Generated by org.testng.reporters.JUnitReportReporter -->
<testsuite hostname="DESKTOP-93R9A69" failures="0" tests="6" name="LoginTestSuite.TC_LOGIN_03" time="15.376" errors="0" timestamp="2021-06-09T22:34:59 IST" skipped="0">
  <testcase classname="LoginTestSuite.TC_LOGIN_03" name="browserSetup" time="10.304"/>
  <system-out/>
  <testcase classname="LoginTestSuite.TC_LOGIN_03" name="openLoginUrl" time="3.894"/>
  <system-out/>
  <testcase classname="LoginTestSuite.TC_LOGIN_03" name="enterEmailAddress" time="0.116"/>
  <system-out/>
  <testcase classname="LoginTestSuite.TC_LOGIN_03" name="clickContinueButton" time="0.266"/>
  <system-out/>
  <testcase classname="LoginTestSuite.TC_LOGIN_03" name="enterPassword" time="0.351"/>
  <system-out/>
  <testcase classname="LoginTestSuite.TC_LOGIN_03" name="clickSignInButton" time="0.445"/>
  <system-out/>
</testsuite> <!-- LoginTestSuite.TC_LOGIN_03 -->
