<?xml version="1.0" encoding="UTF-8"?>
<!-- Generated by org.testng.reporters.JUnitReportReporter -->
<testsuite hostname="DESKTOP-93R9A69" failures="0" tests="4" name="RegisterTestSuite.TC_REGISTER_04" time="23.841" errors="0" timestamp="2021-06-10T09:51:27 IST" skipped="0">
  <testcase classname="RegisterTestSuite.TC_REGISTER_04" name="browserSetup" time="20.184"/>
  <system-out/>
  <testcase classname="RegisterTestSuite.TC_REGISTER_04" name="openRegisterUrl" time="3.278"/>
  <system-out/>
  <testcase classname="RegisterTestSuite.TC_REGISTER_04" name="enterBlankEmailAddress" time="0.091"/>
  <system-out/>
  <testcase classname="RegisterTestSuite.TC_REGISTER_04" name="clickContinueButton" time="0.288"/>
  <system-out/>
</testsuite> <!-- RegisterTestSuite.TC_REGISTER_04 -->
