<?xml version="1.0" encoding="UTF-8"?>
<!-- Generated by org.testng.reporters.JUnitReportReporter -->
<testsuite hostname="DESKTOP-93R9A69" failures="0" tests="6" name="LoginTestSuite.TC_LOGIN_01" time="14.384" errors="0" timestamp="2021-06-12T10:49:37 IST" skipped="0">
  <testcase classname="LoginTestSuite.TC_LOGIN_01" name="browserSetup" time="8.756"/>
  <system-out/>
  <testcase classname="LoginTestSuite.TC_LOGIN_01" name="openLoginUrl" time="4.366"/>
  <system-out/>
  <testcase classname="LoginTestSuite.TC_LOGIN_01" name="enterValidEmailAddress" time="0.106"/>
  <system-out/>
  <testcase classname="LoginTestSuite.TC_LOGIN_01" name="clickContinueButton" time="0.271"/>
  <system-out/>
  <testcase classname="LoginTestSuite.TC_LOGIN_01" name="enterValidPassword" time="0.575"/>
  <system-out/>
  <testcase classname="LoginTestSuite.TC_LOGIN_01" name="clickSignInButton" time="0.310"/>
  <system-out/>
</testsuite> <!-- LoginTestSuite.TC_LOGIN_01 -->
