<?xml version="1.0" encoding="UTF-8"?>
<!-- Generated by org.testng.reporters.JUnitReportReporter -->
<testsuite hostname="DESKTOP-93R9A69" failures="0" tests="7" name="RegisterTestSuite.TC_REGISTER_01" time="13.809" errors="0" timestamp="2021-06-09T22:53:26 IST" skipped="0">
  <testcase classname="RegisterTestSuite.TC_REGISTER_01" name="browserSetup" time="8.804"/>
  <system-out/>
  <testcase classname="RegisterTestSuite.TC_REGISTER_01" name="openRegisterUrl" time="3.865"/>
  <system-out/>
  <testcase classname="RegisterTestSuite.TC_REGISTER_01" name="enterValidEmailAddress" time="0.096"/>
  <system-out/>
  <testcase classname="RegisterTestSuite.TC_REGISTER_01" name="clickContinueButton" time="0.264"/>
  <system-out/>
  <testcase classname="RegisterTestSuite.TC_REGISTER_01" name="enterValidPassword" time="0.398"/>
  <system-out/>
  <testcase classname="RegisterTestSuite.TC_REGISTER_01" name="confirmSamePassword" time="0.057"/>
  <system-out/>
  <testcase classname="RegisterTestSuite.TC_REGISTER_01" name="clickCreateAccountButton" time="0.325"/>
  <system-out/>
</testsuite> <!-- RegisterTestSuite.TC_REGISTER_01 -->
