<?xml version="1.0" encoding="UTF-8"?>
<!-- Generated by org.testng.reporters.JUnitReportReporter -->
<testsuite hostname="DESKTOP-93R9A69" failures="0" tests="3" name="LoginTestSuite.TC_LOGIN_07" time="12.959" errors="0" timestamp="2021-06-09T22:45:04 IST" skipped="0">
  <testcase classname="LoginTestSuite.TC_LOGIN_07" name="browserSetup" time="9.452"/>
  <system-out/>
  <testcase classname="LoginTestSuite.TC_LOGIN_07" name="openLoginUrl" time="3.421"/>
  <system-out/>
  <testcase classname="LoginTestSuite.TC_LOGIN_07" name="clickPrivacyStatementLink" time="0.086"/>
  <system-out/>
</testsuite> <!-- LoginTestSuite.TC_LOGIN_07 -->
