<?xml version="1.0" encoding="UTF-8"?>
<!-- Generated by org.testng.reporters.JUnitReportReporter -->
<testsuite hostname="DESKTOP-93R9A69" failures="0" tests="6" name="LoginTestSuite.TC_LOGIN_04" time="15.504" errors="0" timestamp="2021-06-09T22:37:21 IST" skipped="0">
  <testcase classname="LoginTestSuite.TC_LOGIN_04" name="browserSetup" time="9.764"/>
  <system-out/>
  <testcase classname="LoginTestSuite.TC_LOGIN_04" name="openLoginUrl" time="4.628"/>
  <system-out/>
  <testcase classname="LoginTestSuite.TC_LOGIN_04" name="enterEmailAddress" time="0.098"/>
  <system-out/>
  <testcase classname="LoginTestSuite.TC_LOGIN_04" name="clickContinueButton" time="0.273"/>
  <system-out/>
  <testcase classname="LoginTestSuite.TC_LOGIN_04" name="enterPassword" time="0.494"/>
  <system-out/>
  <testcase classname="LoginTestSuite.TC_LOGIN_04" name="clickSignInButton" time="0.247"/>
  <system-out/>
</testsuite> <!-- LoginTestSuite.TC_LOGIN_04 -->
